<?xml version="1.0" encoding="UTF-8"?>
<!-- Generated by org.testng.reporters.JUnitXMLReporter -->
<testsuite ignored="0" hostname="LAPTOP-U55Q2G31" failures="0" tests="5" name="TestND-DataproviderUsingThreadcount" time="83.357" errors="0" timestamp="2025-02-18T12:01:26 GMT-05:00">
  <testcase classname="tests.testNG_DataProvider" name="VerifyLogin" time="54.917"/>
  <testcase classname="tests.testNG_DataProvider" name="VerifyLogin" time="54.916"/>
  <testcase classname="tests.testNG_DataProvider" name="VerifyLogin" time="13.069"/>
  <testcase classname="tests.testNG_DataProvider" name="VerifyLogin" time="17.557"/>
  <testcase classname="tests.testNG_DataProvider" name="VerifyLogin" time="15.145"/>
</testsuite> <!-- TestND-DataproviderUsingThreadcount -->
