<?xml version="1.0" encoding="UTF-8"?>
<!-- Generated by org.testng.reporters.JUnitXMLReporter -->
<testsuite ignored="1" hostname="LAPTOP-U55Q2G31" failures="0" tests="8" name="Test" time="0.12" errors="0" timestamp="2025-02-11T12:52:48 GMT-05:00">
  <testcase classname="tests.Login" name="loginWithValidEmailandInvalidPassword" time="0.019"/>
  <testcase classname="tests.Login" name="loginWithInValidEmailandvalidPassword" time="0.003"/>
  <testcase classname="tests.Login" name="loginWithInValidEmailandInvalidPassword" time="0.002"/>
  <testcase classname="tests.Login" name="loginWithoutProvidingCredentials" time="0.003"/>
  <testcase classname="tests.Register" name="registerwithMandatoryfield" time="0.002"/>
  <testcase classname="tests.Register" name="registerwithallfield" time="0.002"/>
  <testcase classname="tests.Register" name="registerwithoutProvodingAnyfield" time="0.002"/>
  <testcase classname="tests.Register" name="registerwithDuplicateAccount" time="0.001"/>
  <testcase classname="tests.Login" name="loginWithValidCredentials" time="0.0">
    <ignored/>
  </testcase> <!-- loginWithValidCredentials -->
</testsuite> <!-- Test -->
